Copyright 1986-2017 Xilinx, Inc. All Rights Reserved.
------------------------------------------------------------------------------------
| Tool Version : Vivado v.2017.4 (lin64) Build 2086221 Fri Dec 15 20:54:30 MST 2017
| Date         : Wed Feb 27 16:19:32 2019
| Host         : tayler-arch running 64-bit Arch Linux
| Command      : report_control_sets -verbose -file board_control_sets_placed.rpt
| Design       : board
| Device       : xc7a35t
------------------------------------------------------------------------------------

Control Set Information

Table of Contents
-----------------
1. Summary
2. Flip-Flop Distribution
3. Detailed Control Set Information

1. Summary
----------

+----------------------------------------------------------+-------+
|                          Status                          | Count |
+----------------------------------------------------------+-------+
| Number of unique control sets                            |     8 |
| Unused register locations in slices containing registers |    27 |
+----------------------------------------------------------+-------+


2. Flip-Flop Distribution
-------------------------

+--------------+-----------------------+------------------------+-----------------+--------------+
| Clock Enable | Synchronous Set/Reset | Asynchronous Set/Reset | Total Registers | Total Slices |
+--------------+-----------------------+------------------------+-----------------+--------------+
| No           | No                    | No                     |               7 |            6 |
| No           | No                    | Yes                    |              23 |            6 |
| No           | Yes                   | No                     |              42 |           12 |
| Yes          | No                    | No                     |               4 |            4 |
| Yes          | No                    | Yes                    |               0 |            0 |
| Yes          | Yes                   | No                     |              57 |           32 |
+--------------+-----------------------+------------------------+-----------------+--------------+


3. Detailed Control Set Information
-----------------------------------

+----------------+------------------------------------+------------------------------+------------------+----------------+
|  Clock Signal  |            Enable Signal           |       Set/Reset Signal       | Slice Load Count | Bel Load Count |
+----------------+------------------------------------+------------------------------+------------------+----------------+
| ~clk_IBUF_BUFG |                                    |                              |                1 |              2 |
|  clk_IBUF_BUFG | RESET_DB/reset_db_n                |                              |                4 |              4 |
|  clk_IBUF_BUFG |                                    |                              |                5 |              5 |
|  clk_IBUF_BUFG | CORDIC/CONTROLLER/i_rep[3]_i_2_n_0 | START_DB/SR[0]               |                6 |              9 |
| ~clk_IBUF_BUFG |                                    | START_DB/DFF1/counter_reg[0] |                6 |             21 |
| ~clk_IBUF_BUFG |                                    | RESET_DB/DFF1/counter_reg[0] |                6 |             21 |
|  clk_IBUF_BUFG |                                    | RESET_DB/AS[0]               |                6 |             23 |
|  clk_IBUF_BUFG | START_DB/E[0]                      | RESET_DB/AS[0]               |               26 |             48 |
+----------------+------------------------------------+------------------------------+------------------+----------------+


+--------+-----------------------+
| Fanout | Number of ControlSets |
+--------+-----------------------+
| 2      |                     1 |
| 4      |                     1 |
| 5      |                     1 |
| 9      |                     1 |
| 16+    |                     4 |
+--------+-----------------------+


